0 info it worked if it ends with ok
1 verbose cli [ '/home/yeehaa/.nvm/versions/node/v5.11.0/bin/node',
1 verbose cli   '/home/yeehaa/.nvm/versions/node/v5.11.0/bin/npm',
1 verbose cli   'test' ]
2 info using npm@3.8.6
3 info using node@v5.11.0
4 verbose config Skipping project config: /home/yeehaa/.npmrc. (matches userconfig)
5 verbose stack Error: ENOENT: no such file or directory, open '/home/yeehaa/package.json'
5 verbose stack     at Error (native)
6 verbose cwd /home/yeehaa/Documents/offcourse-frontend
7 error Linux 4.4.0-31-generic
8 error argv "/home/yeehaa/.nvm/versions/node/v5.11.0/bin/node" "/home/yeehaa/.nvm/versions/node/v5.11.0/bin/npm" "test"
9 error node v5.11.0
10 error npm  v3.8.6
11 error path /home/yeehaa/package.json
12 error code ENOENT
13 error errno -2
14 error syscall open
15 error enoent ENOENT: no such file or directory, open '/home/yeehaa/package.json'
16 error enoent ENOENT: no such file or directory, open '/home/yeehaa/package.json'
16 error enoent This is most likely not a problem with npm itself
16 error enoent and is related to npm not being able to find a file.
17 verbose exit [ -2, true ]
